[ LOGGER ]  23-02-12 21:03:46  [WARN] : ruta  /api/auth/sdasdasd metodo GET no implementada
[ LOGGER ]  23-02-12 21:03:50  [WARN] : ruta  /api/auth metodo GET no implementada
[ LOGGER ]  23-02-12 21:03:53  [WARN] : ruta  /api/ metodo GET no implementada
[ LOGGER ]  23-02-12 21:11:21  [WARN] : ruta  /123 metodo GET no implementada
[ LOGGER ]  23-02-12 21:19:30  [WARN] : ruta  /info/sadasd metodo GET no implementada
[ LOGGER ]  23-02-12 21:37:07  [WARN] : ruta  /info/dsadas metodo GET no implementada
[ LOGGER ]  23-02-12 21:38:39  [WARN] : ruta  /api/auth/login123123 metodo GET no implementada
[ LOGGER ]  23-02-12 21:42:37  [WARN] : ruta  /api/auth/login123 metodo GET no implementada
[ LOGGER ]  23-02-12 22:47:12  [WARN] : ruta  /info12312 metodo GET no implementada
[ LOGGER ]  23-02-12 22:47:29  [WARN] : ruta  /randoms metodo GET no implementada
[ LOGGER ]  23-02-13 22:07:19  [WARN] : ruta  /favicon.ico metodo GET no implementada
[ LOGGER ]  23-02-20 21:23:51  [WARN] : ruta  /favicon.ico metodo GET no implementada
[ LOGGER ]  23-02-21 12:05:14  [WARN] : ruta  /favicon.ico metodo GET no implementada
[ LOGGER ]  23-02-21 12:58:21  [ERROR] : connect ECONNREFUSED 127.0.0.1:3306
[ LOGGER ]  23-02-21 12:59:44  [ERROR] : connect ECONNREFUSED 127.0.0.1:3306
[ LOGGER ]  23-02-21 13:00:17  [ERROR] : connect ECONNREFUSED 127.0.0.1:3306
[ LOGGER ]  23-02-21 13:00:24  [ERROR] : connect ECONNREFUSED 127.0.0.1:3306
[ LOGGER ]  23-02-21 13:00:24  [ERROR] : connect ECONNREFUSED 127.0.0.1:3306
[ LOGGER ]  23-02-21 13:00:50  [ERROR] : connect ECONNREFUSED 127.0.0.1:3306
[ LOGGER ]  23-02-21 13:01:02  [WARN] : ruta  /favicon.ico metodo GET no implementada
[ LOGGER ]  23-02-21 13:01:18  [ERROR] : connect ECONNREFUSED 127.0.0.1:3306
[ LOGGER ]  23-02-21 13:11:14  [ERROR] : connect ECONNREFUSED 127.0.0.1:3306
[ LOGGER ]  23-02-21 13:11:53  [ERROR] : connect ECONNREFUSED 127.0.0.1:3306
[ LOGGER ]  23-02-21 13:11:57  [ERROR] : connect ECONNREFUSED 127.0.0.1:3306
[ LOGGER ]  23-02-21 13:12:46  [ERROR] : connect ECONNREFUSED 127.0.0.1:3306
[ LOGGER ]  23-02-21 16:01:52  [ERROR] : connect ECONNREFUSED 127.0.0.1:3306
[ LOGGER ]  23-02-21 16:17:07  [WARN] : ruta  /undefined metodo GET no implementada
[ LOGGER ]  23-02-21 16:17:25  [WARN] : ruta  /undefined metodo GET no implementada
[ LOGGER ]  23-02-21 16:17:27  [WARN] : ruta  /undefined metodo GET no implementada
[ LOGGER ]  23-02-21 16:17:34  [ERROR] : this._schema.save is not a function
[ LOGGER ]  23-02-21 16:21:16  [WARN] : ruta  /undefined metodo GET no implementada
[ LOGGER ]  23-02-21 16:21:33  [ERROR] : this._schema.save is not a function
[ LOGGER ]  23-02-21 16:21:41  [WARN] : ruta  /undefined metodo GET no implementada
[ LOGGER ]  23-02-21 16:23:08  [WARN] : ruta  /undefined metodo GET no implementada
[ LOGGER ]  23-02-21 16:23:12  [WARN] : ruta  /undefined metodo GET no implementada
[ LOGGER ]  23-02-21 16:23:24  [WARN] : ruta  /undefined metodo GET no implementada
[ LOGGER ]  23-02-21 16:25:04  [WARN] : ruta  /undefined metodo GET no implementada
[ LOGGER ]  23-02-21 16:26:01  [WARN] : ruta  /undefined metodo GET no implementada
[ LOGGER ]  23-02-21 16:26:14  [WARN] : ruta  /undefined metodo GET no implementada
[ LOGGER ]  23-02-21 16:27:33  [WARN] : ruta  /undefined metodo GET no implementada
[ LOGGER ]  23-02-21 16:27:45  [WARN] : ruta  /undefined metodo GET no implementada
[ LOGGER ]  23-02-21 16:30:44  [WARN] : ruta  /undefined metodo GET no implementada
[ LOGGER ]  23-02-21 16:30:48  [WARN] : ruta  /undefined metodo GET no implementada
[ LOGGER ]  23-02-21 16:34:17  [WARN] : ruta  /undefined metodo GET no implementada
[ LOGGER ]  23-02-21 16:34:42  [WARN] : ruta  /undefined metodo GET no implementada
[ LOGGER ]  23-02-21 16:35:10  [WARN] : ruta  /undefined metodo GET no implementada
[ LOGGER ]  23-02-21 16:35:25  [WARN] : ruta  /undefined metodo GET no implementada
[ LOGGER ]  23-02-21 16:35:29  [WARN] : ruta  /undefined metodo GET no implementada
[ LOGGER ]  23-02-21 16:36:13  [WARN] : ruta  /undefined metodo GET no implementada
[ LOGGER ]  23-02-21 16:37:29  [WARN] : ruta  /undefined metodo GET no implementada
[ LOGGER ]  23-02-21 16:39:00  [WARN] : ruta  /undefined metodo GET no implementada
[ LOGGER ]  23-02-21 16:43:21  [WARN] : ruta  /undefined metodo GET no implementada
[ LOGGER ]  23-02-21 16:43:42  [WARN] : ruta  /undefined metodo GET no implementada
[ LOGGER ]  23-02-21 16:44:57  [WARN] : ruta  /undefined metodo GET no implementada
[ LOGGER ]  23-02-21 16:45:02  [WARN] : ruta  /undefined metodo GET no implementada
[ LOGGER ]  23-02-21 16:45:08  [WARN] : ruta  /undefined metodo GET no implementada
[ LOGGER ]  23-02-21 16:45:16  [WARN] : ruta  /undefined metodo GET no implementada
[ LOGGER ]  23-02-21 16:45:30  [WARN] : ruta  /undefined metodo GET no implementada
[ LOGGER ]  23-02-21 16:45:33  [WARN] : ruta  /undefined metodo GET no implementada
[ LOGGER ]  23-02-21 16:45:57  [WARN] : ruta  /undefined metodo GET no implementada
[ LOGGER ]  23-02-21 16:46:02  [WARN] : ruta  /undefined metodo GET no implementada
[ LOGGER ]  23-02-21 16:46:15  [WARN] : ruta  /undefined metodo GET no implementada
[ LOGGER ]  23-02-21 16:51:51  [WARN] : ruta  /undefined metodo GET no implementada
[ LOGGER ]  23-02-21 16:51:57  [WARN] : ruta  /undefined metodo GET no implementada
[ LOGGER ]  23-02-21 16:52:22  [WARN] : ruta  /undefined metodo GET no implementada
[ LOGGER ]  23-02-21 16:57:33  [WARN] : ruta  /undefined metodo GET no implementada
[ LOGGER ]  23-02-21 16:57:44  [WARN] : ruta  /undefined metodo GET no implementada
[ LOGGER ]  23-02-21 16:57:45  [WARN] : ruta  /undefined metodo GET no implementada
[ LOGGER ]  23-02-21 16:57:57  [WARN] : ruta  /undefined metodo GET no implementada
[ LOGGER ]  23-02-21 16:58:09  [WARN] : ruta  /favicon.ico metodo GET no implementada
[ LOGGER ]  23-02-21 16:58:28  [WARN] : ruta  /undefined metodo GET no implementada
[ LOGGER ]  23-02-21 17:04:05  [WARN] : ruta  /undefined metodo GET no implementada
[ LOGGER ]  23-02-21 17:04:30  [WARN] : ruta  /undefined metodo GET no implementada
[ LOGGER ]  23-02-21 17:04:31  [WARN] : ruta  /undefined metodo GET no implementada
[ LOGGER ]  23-02-21 17:04:33  [WARN] : ruta  /undefined metodo GET no implementada
[ LOGGER ]  23-02-21 17:04:39  [WARN] : ruta  /undefined metodo GET no implementada
[ LOGGER ]  23-02-21 17:04:40  [WARN] : ruta  /undefined metodo GET no implementada
[ LOGGER ]  23-02-21 17:04:41  [WARN] : ruta  /undefined metodo GET no implementada
[ LOGGER ]  23-02-21 17:04:44  [WARN] : ruta  /undefined metodo GET no implementada
[ LOGGER ]  23-02-21 17:04:45  [WARN] : ruta  /undefined metodo GET no implementada
[ LOGGER ]  23-02-21 17:04:48  [WARN] : ruta  /undefined metodo GET no implementada
[ LOGGER ]  23-02-21 17:05:06  [WARN] : ruta  /undefined metodo GET no implementada
[ LOGGER ]  23-02-21 17:05:40  [WARN] : ruta  /undefined metodo GET no implementada
[ LOGGER ]  23-02-21 17:05:42  [WARN] : ruta  /undefined metodo GET no implementada
[ LOGGER ]  23-02-21 17:05:44  [WARN] : ruta  /undefined metodo GET no implementada
[ LOGGER ]  23-02-21 17:05:48  [WARN] : ruta  /undefined metodo GET no implementada
[ LOGGER ]  23-02-21 17:05:50  [WARN] : ruta  /undefined metodo GET no implementada
[ LOGGER ]  23-02-21 17:06:58  [WARN] : ruta  /undefined metodo GET no implementada
[ LOGGER ]  23-02-21 17:08:12  [WARN] : ruta  /undefined metodo GET no implementada
[ LOGGER ]  23-02-21 17:09:26  [WARN] : ruta  /undefined metodo GET no implementada
[ LOGGER ]  23-02-21 17:09:27  [WARN] : ruta  /undefined metodo GET no implementada
[ LOGGER ]  23-02-21 17:09:54  [WARN] : ruta  /undefined metodo GET no implementada
[ LOGGER ]  23-02-21 17:09:56  [WARN] : ruta  /undefined metodo GET no implementada
[ LOGGER ]  23-02-21 17:09:59  [WARN] : ruta  /undefined metodo GET no implementada
[ LOGGER ]  23-02-21 17:10:01  [WARN] : ruta  /undefined metodo GET no implementada
[ LOGGER ]  23-02-21 17:10:03  [WARN] : ruta  /undefined metodo GET no implementada
[ LOGGER ]  23-02-21 17:10:42  [WARN] : ruta  /undefined metodo GET no implementada
[ LOGGER ]  23-02-21 17:10:44  [WARN] : ruta  /undefined metodo GET no implementada
[ LOGGER ]  23-02-21 17:11:08  [WARN] : ruta  /undefined metodo GET no implementada
[ LOGGER ]  23-02-21 17:11:18  [WARN] : ruta  /undefined metodo GET no implementada
[ LOGGER ]  23-02-21 17:11:32  [WARN] : ruta  /undefined metodo GET no implementada
[ LOGGER ]  23-02-21 17:11:34  [WARN] : ruta  /undefined metodo GET no implementada
[ LOGGER ]  23-02-21 17:12:11  [WARN] : ruta  /123 metodo GET no implementada
[ LOGGER ]  23-02-21 17:12:24  [WARN] : ruta  /123 metodo GET no implementada
[ LOGGER ]  23-02-21 17:12:31  [WARN] : ruta  /123 metodo GET no implementada
[ LOGGER ]  23-02-21 17:13:13  [WARN] : ruta  /123 metodo GET no implementada
[ LOGGER ]  23-02-21 17:14:07  [WARN] : ruta  /123 metodo GET no implementada
[ LOGGER ]  23-02-21 17:15:22  [WARN] : ruta  /123 metodo GET no implementada
[ LOGGER ]  23-02-21 17:16:55  [WARN] : ruta  /123 metodo GET no implementada
[ LOGGER ]  23-02-21 17:17:20  [WARN] : ruta  /123 metodo GET no implementada
[ LOGGER ]  23-02-21 17:17:31  [WARN] : ruta  /123 metodo GET no implementada
[ LOGGER ]  23-02-21 17:36:09  [WARN] : ruta  /123 metodo GET no implementada
[ LOGGER ]  23-02-21 17:40:56  [WARN] : ruta  /123 metodo GET no implementada
[ LOGGER ]  23-02-21 17:41:04  [WARN] : ruta  /123123 metodo GET no implementada
[ LOGGER ]  23-02-21 17:41:20  [WARN] : ruta  /123123 metodo GET no implementada
[ LOGGER ]  23-02-21 17:41:30  [WARN] : ruta  /nose metodo GET no implementada
[ LOGGER ]  23-02-21 17:41:42  [WARN] : ruta  /nose metodo GET no implementada
[ LOGGER ]  23-02-21 17:42:13  [WARN] : ruta  /nose metodo GET no implementada
[ LOGGER ]  23-02-21 17:45:00  [WARN] : ruta  /nose metodo GET no implementada
[ LOGGER ]  23-02-21 17:46:18  [WARN] : ruta  /nose metodo GET no implementada
[ LOGGER ]  23-02-21 17:46:54  [WARN] : ruta  /nose metodo GET no implementada
[ LOGGER ]  23-02-21 17:46:54  [WARN] : ruta  /nose metodo GET no implementada
[ LOGGER ]  23-02-21 17:47:07  [WARN] : ruta  /nose metodo GET no implementada
[ LOGGER ]  23-03-05 13:03:16  [WARN] : ruta  /favicon.ico metodo GET no implementada
[ LOGGER ]  23-03-05 16:56:35  [WARN] : ruta  /favicon.ico metodo GET no implementada
[ LOGGER ]  23-03-05 18:06:47  [WARN] : ruta  /api/profile metodo GET no implementada
[ LOGGER ]  23-03-05 18:08:25  [WARN] : ruta  /api/index.js metodo GET no implementada
[ LOGGER ]  23-03-05 18:08:56  [WARN] : ruta  /api/index.js metodo GET no implementada
[ LOGGER ]  23-03-05 18:09:27  [WARN] : ruta  /api/index.js metodo GET no implementada
[ LOGGER ]  23-03-05 18:09:37  [WARN] : ruta  /api/index.js metodo GET no implementada
[ LOGGER ]  23-03-05 18:15:44  [WARN] : ruta  /api/index.js metodo GET no implementada
[ LOGGER ]  23-03-05 18:16:38  [WARN] : ruta  /api/index.js metodo GET no implementada
[ LOGGER ]  23-03-05 18:16:41  [WARN] : ruta  /api/index.js metodo GET no implementada
[ LOGGER ]  23-03-05 18:16:48  [WARN] : ruta  /api/index.js metodo GET no implementada
[ LOGGER ]  23-03-05 18:16:49  [WARN] : ruta  /api/index.js metodo GET no implementada
[ LOGGER ]  23-03-05 18:17:37  [WARN] : ruta  /api/index.js metodo GET no implementada
[ LOGGER ]  23-03-05 18:17:44  [WARN] : ruta  /api/index.js metodo GET no implementada
[ LOGGER ]  23-03-05 18:17:59  [WARN] : ruta  /api/index.js metodo GET no implementada
[ LOGGER ]  23-03-05 18:18:12  [WARN] : ruta  /api/index.js metodo GET no implementada
[ LOGGER ]  23-03-05 18:18:24  [WARN] : ruta  /api/index.js metodo GET no implementada
[ LOGGER ]  23-03-05 18:20:39  [WARN] : ruta  /api/index.js metodo GET no implementada
[ LOGGER ]  23-03-05 18:21:21  [WARN] : ruta  /api/index.js metodo GET no implementada
[ LOGGER ]  23-03-05 18:21:32  [WARN] : ruta  /api/index.js metodo GET no implementada
[ LOGGER ]  23-03-05 18:22:33  [WARN] : ruta  /api/index.js metodo GET no implementada
[ LOGGER ]  23-03-05 18:23:09  [WARN] : ruta  /api/1678046208974-unnamed.jpg/ metodo GET no implementada
[ LOGGER ]  23-03-05 18:23:10  [WARN] : ruta  /api/index.js metodo GET no implementada
[ LOGGER ]  23-03-05 18:23:19  [WARN] : ruta  /api/1678046208974-unnamed.jpg/ metodo GET no implementada
[ LOGGER ]  23-03-05 18:23:49  [WARN] : ruta  /api/%60public/uploads/%60/ metodo GET no implementada
[ LOGGER ]  23-03-05 18:23:49  [WARN] : ruta  /api/index.js metodo GET no implementada
[ LOGGER ]  23-03-05 18:23:49  [WARN] : ruta  /api/%60public/uploads/1678046208974-unnamed.jpg%60/ metodo GET no implementada
[ LOGGER ]  23-03-05 18:24:10  [WARN] : ruta  /api/%60http://localhost:8080/src/public/uploads/1678046208974-unnamed.jpg%60/ metodo GET no implementada
[ LOGGER ]  23-03-05 18:24:10  [WARN] : ruta  /api/%60http://localhost:8080/src/public/uploads/%60/ metodo GET no implementada
[ LOGGER ]  23-03-05 18:24:10  [WARN] : ruta  /api/index.js metodo GET no implementada
[ LOGGER ]  23-03-05 18:24:28  [WARN] : ruta  /api/index.js metodo GET no implementada
[ LOGGER ]  23-03-05 18:24:28  [WARN] : ruta  /api/%60src/public/uploads/%60/ metodo GET no implementada
[ LOGGER ]  23-03-05 18:24:28  [WARN] : ruta  /api/%60src/public/uploads/1678046208974-unnamed.jpg%60/ metodo GET no implementada
[ LOGGER ]  23-03-05 18:24:33  [WARN] : ruta  /api/%60src/public/uploads/%60/ metodo GET no implementada
[ LOGGER ]  23-03-05 18:24:42  [WARN] : ruta  /api/%60/src/public/uploads/%60/ metodo GET no implementada
[ LOGGER ]  23-03-05 18:24:42  [WARN] : ruta  /api/%60/src/public/uploads/1678046208974-unnamed.jpg%60/ metodo GET no implementada
[ LOGGER ]  23-03-05 18:24:42  [WARN] : ruta  /api/index.js metodo GET no implementada
[ LOGGER ]  23-03-05 18:24:46  [WARN] : ruta  /api/%60/src/public/uploads/%60/ metodo GET no implementada
[ LOGGER ]  23-03-05 18:25:02  [WARN] : ruta  /api/%60/src/public/uploads/%60/ metodo GET no implementada
[ LOGGER ]  23-03-05 18:25:05  [WARN] : ruta  /src/public/uploads// metodo GET no implementada
[ LOGGER ]  23-03-05 18:25:05  [WARN] : ruta  /api/index.js metodo GET no implementada
[ LOGGER ]  23-03-05 18:25:05  [WARN] : ruta  /src/public/uploads/1678046208974-unnamed.jpg/ metodo GET no implementada
[ LOGGER ]  23-03-05 18:25:08  [WARN] : ruta  /src/public/uploads// metodo GET no implementada
[ LOGGER ]  23-03-05 18:25:19  [WARN] : ruta  /src/public/uploads// metodo GET no implementada
[ LOGGER ]  23-03-05 18:25:23  [WARN] : ruta  /src/public/uploads/ metodo GET no implementada
[ LOGGER ]  23-03-05 18:25:23  [WARN] : ruta  /src/public/uploads/1678046208974-unnamed.jpg metodo GET no implementada
[ LOGGER ]  23-03-05 18:25:23  [WARN] : ruta  /api/index.js metodo GET no implementada
[ LOGGER ]  23-03-05 18:25:25  [WARN] : ruta  /src/public/uploads/ metodo GET no implementada
[ LOGGER ]  23-03-05 18:25:36  [WARN] : ruta  /src/public/uploads/ metodo GET no implementada
[ LOGGER ]  23-03-05 18:25:36  [WARN] : ruta  /api/index.js metodo GET no implementada
[ LOGGER ]  23-03-05 18:25:36  [WARN] : ruta  /src/public/uploads/1678046208974-unnamed.jpg metodo GET no implementada
[ LOGGER ]  23-03-05 18:25:39  [WARN] : ruta  /src/public/uploads/ metodo GET no implementada
[ LOGGER ]  23-03-05 18:26:25  [WARN] : ruta  /src/public/uploads/ metodo GET no implementada
[ LOGGER ]  23-03-05 18:26:28  [WARN] : ruta  /api/ metodo GET no implementada
[ LOGGER ]  23-03-05 18:26:28  [WARN] : ruta  /api/1678046208974-unnamed.jpg metodo GET no implementada
[ LOGGER ]  23-03-05 18:26:28  [WARN] : ruta  /api/index.js metodo GET no implementada
[ LOGGER ]  23-03-05 18:26:30  [WARN] : ruta  /api/ metodo GET no implementada
[ LOGGER ]  23-03-05 18:26:42  [WARN] : ruta  /api/ metodo GET no implementada
[ LOGGER ]  23-03-05 18:26:45  [WARN] : ruta  /1678046208974-unnamed.jpg metodo GET no implementada
[ LOGGER ]  23-03-05 18:26:45  [WARN] : ruta  /api/index.js metodo GET no implementada
[ LOGGER ]  23-03-05 18:26:58  [WARN] : ruta  /api/index.js metodo GET no implementada
[ LOGGER ]  23-03-05 18:26:58  [WARN] : ruta  /api/1678046208974-unnamed.jpg metodo GET no implementada
[ LOGGER ]  23-03-05 18:27:11  [WARN] : ruta  /api/index.js metodo GET no implementada
[ LOGGER ]  23-03-05 18:27:30  [WARN] : ruta  /api/index.js metodo GET no implementada
[ LOGGER ]  23-03-05 18:29:35  [WARN] : ruta  /api/index.js metodo GET no implementada
[ LOGGER ]  23-03-05 18:32:45  [WARN] : ruta  /api/index.js metodo GET no implementada
[ LOGGER ]  23-03-05 18:33:52  [WARN] : ruta  /api/index.js metodo GET no implementada
[ LOGGER ]  23-03-05 18:34:48  [WARN] : ruta  /api/index.js metodo GET no implementada
[ LOGGER ]  23-03-05 18:35:27  [WARN] : ruta  /api/index.js metodo GET no implementada
[ LOGGER ]  23-03-05 18:35:37  [WARN] : ruta  /api/index.js metodo GET no implementada
[ LOGGER ]  23-03-05 18:35:53  [WARN] : ruta  /api/index.js metodo GET no implementada
[ LOGGER ]  23-03-05 18:36:11  [WARN] : ruta  /api/index.js metodo GET no implementada
[ LOGGER ]  23-03-05 18:37:14  [WARN] : ruta  /api/index.js metodo GET no implementada
[ LOGGER ]  23-03-05 18:39:47  [WARN] : ruta  /api/index.js metodo GET no implementada
[ LOGGER ]  23-03-05 18:40:14  [WARN] : ruta  /api/1678046208974-unnamed.jpg metodo GET no implementada
[ LOGGER ]  23-03-05 18:40:15  [WARN] : ruta  /api/index.js metodo GET no implementada
[ LOGGER ]  23-03-05 18:41:08  [WARN] : ruta  /api/1678046208974-unnamed.jpg metodo GET no implementada
[ LOGGER ]  23-03-05 18:41:08  [WARN] : ruta  /api/index.js metodo GET no implementada
[ LOGGER ]  23-03-05 18:41:16  [WARN] : ruta  /api/1678046208974-unnamed.jpg metodo GET no implementada
[ LOGGER ]  23-03-05 18:41:16  [WARN] : ruta  /api/index.js metodo GET no implementada
[ LOGGER ]  23-03-05 18:41:25  [WARN] : ruta  /api/1678046208974-unnamed.jpg metodo GET no implementada
[ LOGGER ]  23-03-05 18:41:25  [WARN] : ruta  /api/index.js metodo GET no implementada
[ LOGGER ]  23-03-05 18:41:49  [WARN] : ruta  /api/1678046208974-unnamed.jpg metodo GET no implementada
[ LOGGER ]  23-03-05 18:41:49  [WARN] : ruta  /api/index.js metodo GET no implementada
[ LOGGER ]  23-03-05 18:42:10  [WARN] : ruta  /api/public/uploads/1678046208974-unnamed.jpg metodo GET no implementada
[ LOGGER ]  23-03-05 18:42:10  [WARN] : ruta  /api/index.js metodo GET no implementada
[ LOGGER ]  23-03-05 18:42:20  [WARN] : ruta  /api/public/uploads/1678046208974-unnamed.jpg metodo GET no implementada
[ LOGGER ]  23-03-05 18:42:20  [WARN] : ruta  /api/index.js metodo GET no implementada
[ LOGGER ]  23-03-05 18:42:31  [WARN] : ruta  /api/%60public/uploads/1678046208974-unnamed.jpg%60 metodo GET no implementada
[ LOGGER ]  23-03-05 18:42:31  [WARN] : ruta  /api/index.js metodo GET no implementada
[ LOGGER ]  23-03-05 18:42:58  [WARN] : ruta  /api/%60src/public/uploads/1678046208974-unnamed.jpg%60 metodo GET no implementada
[ LOGGER ]  23-03-05 18:42:58  [WARN] : ruta  /api/index.js metodo GET no implementada
[ LOGGER ]  23-03-05 18:43:33  [WARN] : ruta  /api/index.js metodo GET no implementada
[ LOGGER ]  23-03-05 18:43:33  [WARN] : ruta  /api/%60http://localhost:8080/1678046208974-unnamed.jpg%60 metodo GET no implementada
[ LOGGER ]  23-03-05 18:43:35  [WARN] : ruta  /api/%60http://localhost:8080/1678046208974-unnamed.jpg%60 metodo GET no implementada
[ LOGGER ]  23-03-05 18:43:35  [WARN] : ruta  /api/index.js metodo GET no implementada
[ LOGGER ]  23-03-05 18:43:41  [WARN] : ruta  /api/index.js metodo GET no implementada
[ LOGGER ]  23-03-05 18:43:41  [WARN] : ruta  /api/%60http://localhost:8080/1678046208974-unnamed.jpg%60 metodo GET no implementada
[ LOGGER ]  23-03-05 18:43:42  [WARN] : ruta  /api/%60http://localhost:8080/1678046208974-unnamed.jpg%60 metodo GET no implementada
[ LOGGER ]  23-03-05 18:43:42  [WARN] : ruta  /api/index.js metodo GET no implementada
[ LOGGER ]  23-03-05 18:43:53  [WARN] : ruta  /1678046208974-unnamed.jpg metodo GET no implementada
[ LOGGER ]  23-03-05 18:43:53  [WARN] : ruta  /api/index.js metodo GET no implementada
[ LOGGER ]  23-03-05 18:44:05  [WARN] : ruta  /1678046208974-unnamed.jpg metodo GET no implementada
[ LOGGER ]  23-03-05 18:44:05  [WARN] : ruta  /api/index.js metodo GET no implementada
[ LOGGER ]  23-03-05 18:44:09  [WARN] : ruta  /1678046208974-unnamed.jpg metodo GET no implementada
[ LOGGER ]  23-03-05 18:44:09  [WARN] : ruta  /api/index.js metodo GET no implementada
[ LOGGER ]  23-03-05 18:44:14  [WARN] : ruta  /%7B%7Bprofile.file%7D%7D metodo GET no implementada
[ LOGGER ]  23-03-05 18:44:14  [WARN] : ruta  /favicon.ico metodo GET no implementada
[ LOGGER ]  23-03-05 18:44:30  [WARN] : ruta  /%7B%7Bprofile.file%7D%7D metodo GET no implementada
[ LOGGER ]  23-03-05 18:44:47  [WARN] : ruta  /src/public/uploads/%7B%7Bprofile.file%7D%7D metodo GET no implementada
[ LOGGER ]  23-03-05 18:44:49  [WARN] : ruta  /src/public/uploads/%7B%7Bprofile.file%7D%7D metodo GET no implementada
[ LOGGER ]  23-03-05 18:44:51  [WARN] : ruta  /src/public/uploads/%7B%7Bprofile.file%7D%7D metodo GET no implementada
[ LOGGER ]  23-03-05 18:45:00  [WARN] : ruta  /src/public/uploads/1678046208974-unnamed.jpg metodo GET no implementada
[ LOGGER ]  23-03-05 18:45:00  [WARN] : ruta  /api/index.js metodo GET no implementada
[ LOGGER ]  23-03-05 18:45:08  [WARN] : ruta  /src/public/uploads/%7B%7Bprofile.file%7D%7D metodo GET no implementada
[ LOGGER ]  23-03-05 18:45:16  [WARN] : ruta  /src/public/uploads/1678046208974-unnamed.jpg metodo GET no implementada
[ LOGGER ]  23-03-05 18:45:16  [WARN] : ruta  /api/index.js metodo GET no implementada
[ LOGGER ]  23-03-05 18:45:24  [WARN] : ruta  /src/public/uploads/%7B%7Bprofile.file%7D%7D metodo GET no implementada
[ LOGGER ]  23-03-05 18:45:26  [WARN] : ruta  /src/public/uploads/%7B%7Bprofile.file%7D%7D metodo GET no implementada
[ LOGGER ]  23-03-05 18:45:28  [WARN] : ruta  /src/public/uploads/%7B%7Bprofile.file%7D%7D metodo GET no implementada
[ LOGGER ]  23-03-05 18:45:38  [WARN] : ruta  /api/index.js metodo GET no implementada
[ LOGGER ]  23-03-05 18:45:38  [WARN] : ruta  /src/public/uploads/1678046208974-unnamed.jpg metodo GET no implementada
[ LOGGER ]  23-03-05 18:50:12  [WARN] : ruta  /api/index.js metodo GET no implementada
[ LOGGER ]  23-03-05 18:50:36  [WARN] : ruta  /api/index.js metodo GET no implementada
[ LOGGER ]  23-03-05 18:50:41  [WARN] : ruta  /src/public/uploads/1678046208974-unnamed.jpg metodo GET no implementada
[ LOGGER ]  23-03-05 18:51:35  [WARN] : ruta  /api/index.js metodo GET no implementada
[ LOGGER ]  23-03-05 18:52:03  [WARN] : ruta  /api/index.js metodo GET no implementada
[ LOGGER ]  23-03-05 18:52:17  [WARN] : ruta  /api/index.js metodo GET no implementada
[ LOGGER ]  23-03-05 18:52:24  [WARN] : ruta  /api/uploads/1678046208974-unnamed.jpg metodo GET no implementada
[ LOGGER ]  23-03-05 18:52:24  [WARN] : ruta  /api/index.js metodo GET no implementada
[ LOGGER ]  23-03-05 18:52:32  [WARN] : ruta  /api/index.js metodo GET no implementada
[ LOGGER ]  23-03-05 18:55:26  [WARN] : ruta  /api/index.js metodo GET no implementada
[ LOGGER ]  23-03-05 18:55:36  [WARN] : ruta  /api/index.js metodo GET no implementada
[ LOGGER ]  23-03-05 18:56:36  [WARN] : ruta  /api/... metodo GET no implementada
[ LOGGER ]  23-03-05 18:56:36  [WARN] : ruta  /api/index.js metodo GET no implementada
[ LOGGER ]  23-03-05 18:57:16  [WARN] : ruta  /api/index.js metodo GET no implementada
[ LOGGER ]  23-03-05 18:57:27  [WARN] : ruta  /api/index.js metodo GET no implementada
[ LOGGER ]  23-03-05 18:57:34  [WARN] : ruta  /api/index.js metodo GET no implementada
[ LOGGER ]  23-03-05 18:57:40  [WARN] : ruta  /api/index.js metodo GET no implementada
[ LOGGER ]  23-03-05 18:57:47  [WARN] : ruta  /api/index.js metodo GET no implementada
[ LOGGER ]  23-03-05 18:57:56  [WARN] : ruta  /api/index.js metodo GET no implementada
[ LOGGER ]  23-03-05 18:58:07  [WARN] : ruta  /api/index.js metodo GET no implementada
[ LOGGER ]  23-03-05 18:58:24  [WARN] : ruta  /api/index.js metodo GET no implementada
[ LOGGER ]  23-03-05 18:59:16  [WARN] : ruta  /api/index.js metodo GET no implementada
[ LOGGER ]  23-03-05 18:59:36  [WARN] : ruta  /api/index.js metodo GET no implementada
[ LOGGER ]  23-03-05 18:59:47  [WARN] : ruta  /api/index.js metodo GET no implementada
[ LOGGER ]  23-03-05 19:00:12  [WARN] : ruta  /api/index.js metodo GET no implementada
[ LOGGER ]  23-03-05 19:00:33  [WARN] : ruta  /api/index.js metodo GET no implementada
[ LOGGER ]  23-03-05 19:00:48  [WARN] : ruta  /api/index.js metodo GET no implementada
[ LOGGER ]  23-03-05 19:01:04  [WARN] : ruta  /api/index.js metodo GET no implementada
[ LOGGER ]  23-03-05 19:01:56  [WARN] : ruta  /api/index.js metodo GET no implementada
[ LOGGER ]  23-03-05 19:02:14  [WARN] : ruta  /api/index.js metodo GET no implementada
[ LOGGER ]  23-03-05 19:02:35  [WARN] : ruta  /api/index.js metodo GET no implementada
[ LOGGER ]  23-03-05 19:02:46  [WARN] : ruta  /api/index.js metodo GET no implementada
[ LOGGER ]  23-03-05 19:03:18  [WARN] : ruta  /api/index.js metodo GET no implementada
[ LOGGER ]  23-03-05 19:03:22  [WARN] : ruta  /api/index.js metodo GET no implementada
[ LOGGER ]  23-03-05 19:03:24  [WARN] : ruta  /api/index.js metodo GET no implementada
[ LOGGER ]  23-03-05 19:03:41  [WARN] : ruta  /api/index.js metodo GET no implementada
[ LOGGER ]  23-03-05 19:04:30  [WARN] : ruta  /api/index.js metodo GET no implementada
[ LOGGER ]  23-03-05 19:07:35  [WARN] : ruta  /api/index.js metodo GET no implementada
[ LOGGER ]  23-03-05 19:07:56  [WARN] : ruta  /api/index.js metodo GET no implementada
[ LOGGER ]  23-03-05 19:16:08  [WARN] : ruta  /api/index.js metodo GET no implementada
[ LOGGER ]  23-03-05 19:18:02  [WARN] : ruta  /api/index.js metodo GET no implementada
[ LOGGER ]  23-03-05 19:18:22  [WARN] : ruta  /api/index.js metodo GET no implementada
[ LOGGER ]  23-03-05 19:18:35  [WARN] : ruta  /api/index.js metodo GET no implementada
[ LOGGER ]  23-03-06 19:27:02  [WARN] : ruta  /favicon.ico metodo GET no implementada
[ LOGGER ]  23-03-06 19:27:21  [WARN] : ruta  /api/index.js metodo GET no implementada
[ LOGGER ]  23-03-06 20:02:53  [WARN] : ruta  /api/... metodo GET no implementada
[ LOGGER ]  23-03-06 20:03:39  [WARN] : ruta  /api/class=%22card-img-top%22 metodo GET no implementada
[ LOGGER ]  23-03-06 20:03:44  [WARN] : ruta  /api/class=%22card-img-top%22 metodo GET no implementada
[ LOGGER ]  23-03-06 20:04:09  [WARN] : ruta  /api/class=%22card-img-top%22 metodo GET no implementada
[ LOGGER ]  23-03-06 20:04:27  [WARN] : ruta  /api/class=%22card-img-top%22 metodo GET no implementada
[ LOGGER ]  23-03-06 20:04:43  [WARN] : ruta  /api/class=%22card-img-top%22 metodo GET no implementada
[ LOGGER ]  23-03-06 20:04:50  [WARN] : ruta  /api/class=%22card-img-top%22 metodo GET no implementada
[ LOGGER ]  23-03-06 20:04:53  [WARN] : ruta  /api/class=%22card-img-top%22 metodo GET no implementada
[ LOGGER ]  23-03-06 20:05:26  [WARN] : ruta  /api/class=%22card-img-top%22 metodo GET no implementada
[ LOGGER ]  23-03-06 20:05:29  [WARN] : ruta  /api/class=%22card-img-top%22 metodo GET no implementada
[ LOGGER ]  23-03-06 20:07:20  [WARN] : ruta  /api/class=%22card-img-top%22 metodo GET no implementada
[ LOGGER ]  23-03-06 20:07:24  [WARN] : ruta  /api/class=%22card-img-top%22 metodo GET no implementada
[ LOGGER ]  23-03-06 20:07:33  [WARN] : ruta  /api/class=%22card-img-top%22 metodo GET no implementada
[ LOGGER ]  23-03-06 20:07:47  [WARN] : ruta  /api/class=%22card-img-top%22 metodo GET no implementada
[ LOGGER ]  23-03-06 20:07:50  [WARN] : ruta  /api/class=%22card-img-top%22 metodo GET no implementada
[ LOGGER ]  23-03-06 20:09:25  [WARN] : ruta  /api/class=%22card-img-top%22 metodo GET no implementada
[ LOGGER ]  23-03-06 20:11:31  [WARN] : ruta  /api/%7B metodo GET no implementada
[ LOGGER ]  23-03-06 20:11:47  [WARN] : ruta  /api/%7B metodo GET no implementada
[ LOGGER ]  23-03-06 20:12:06  [WARN] : ruta  /api/class=%22card-img-top%22 metodo GET no implementada
[ LOGGER ]  23-03-06 20:13:17  [WARN] : ruta  /api/%3Cdiv metodo GET no implementada
[ LOGGER ]  23-03-06 21:31:08  [WARN] : ruta  /api/index.js metodo GET no implementada
[ LOGGER ]  23-03-06 21:31:35  [WARN] : ruta  /api/index.js metodo GET no implementada
[ LOGGER ]  23-03-06 21:32:15  [WARN] : ruta  /api/index.js metodo GET no implementada
[ LOGGER ]  23-03-06 22:52:04  [WARN] : ruta  /api/index.js metodo GET no implementada
[ LOGGER ]  23-03-06 23:10:04  [WARN] : ruta  /api/index.js metodo GET no implementada
[ LOGGER ]  23-03-06 23:10:07  [WARN] : ruta  /api/index.js metodo GET no implementada
[ LOGGER ]  23-03-07 16:40:55  [WARN] : ruta  /favicon.ico metodo GET no implementada
[ LOGGER ]  23-03-07 16:41:13  [WARN] : ruta  /api/index.js metodo GET no implementada
[ LOGGER ]  23-03-07 20:57:30  [WARN] : ruta  /favicon.ico metodo GET no implementada
[ LOGGER ]  23-03-07 20:57:42  [WARN] : ruta  /api/index.js metodo GET no implementada
